<?xml version="1.0" encoding="UTF-8"?>
<testng-results ignored="0" total="2" passed="2" failed="0" skipped="0">
  <reporter-output>
  </reporter-output>
  <suite started-at="2025-05-16T06:37:56 IST" name="Surefire suite" finished-at="2025-05-16T06:37:59 IST" duration-ms="2314">
    <groups>
    </groups>
    <test started-at="2025-05-16T06:37:56 IST" name="Surefire test" finished-at="2025-05-16T06:37:59 IST" duration-ms="2314">
      <class name="stepDefinitions.WebTest">
        <test-method signature="driverSetup()[pri:0, instance:stepDefinitions.WebTest@6a01e23]" started-at="2025-05-16T06:37:56 IST" name="driverSetup" finished-at="2025-05-16T06:37:58 IST" duration-ms="2164" status="PASS">
          <reporter-output>
          </reporter-output>
        </test-method> <!-- driverSetup -->
        <test-method signature="verifyPageTitle()[pri:0, instance:stepDefinitions.WebTest@6a01e23]" started-at="2025-05-16T06:37:58 IST" name="verifyPageTitle" finished-at="2025-05-16T06:37:59 IST" duration-ms="125" status="PASS">
          <reporter-output>
          </reporter-output>
        </test-method> <!-- verifyPageTitle -->
      </class> <!-- stepDefinitions.WebTest -->
    </test> <!-- Surefire test -->
  </suite> <!-- Surefire suite -->
</testng-results>
