<?xml version="1.0" encoding="UTF-8"?>
<testng-results ignored="0" total="1" passed="1" failed="0" skipped="0">
  <reporter-output>
  </reporter-output>
  <suite started-at="2025-05-16T06:03:53 IST" name="Surefire suite" finished-at="2025-05-16T06:03:56 IST" duration-ms="2212">
    <groups>
    </groups>
    <test started-at="2025-05-16T06:03:53 IST" name="Surefire test" finished-at="2025-05-16T06:03:56 IST" duration-ms="2212">
      <class name="stepDefinitions.WebTest">
        <test-method is-config="true" signature="driverSetup()[pri:0, instance:stepDefinitions.WebTest@3745e5c6]" started-at="2025-05-16T06:03:53 IST" name="driverSetup" finished-at="2025-05-16T06:03:55 IST" duration-ms="2053" status="PASS">
          <reporter-output>
          </reporter-output>
        </test-method> <!-- driverSetup -->
        <test-method signature="verifyPageTitle()[pri:0, instance:stepDefinitions.WebTest@3745e5c6]" started-at="2025-05-16T06:03:55 IST" name="verifyPageTitle" finished-at="2025-05-16T06:03:56 IST" duration-ms="138" status="PASS">
          <reporter-output>
          </reporter-output>
        </test-method> <!-- verifyPageTitle -->
      </class> <!-- stepDefinitions.WebTest -->
    </test> <!-- Surefire test -->
  </suite> <!-- Surefire suite -->
</testng-results>
