<?xml version="1.0" encoding="UTF-8"?>
<testng-results ignored="0" total="2" passed="2" failed="0" skipped="0">
  <reporter-output>
  </reporter-output>
  <suite started-at="2025-05-16T06:37:19 IST" name="Suite" finished-at="2025-05-16T06:37:21 IST" duration-ms="2379">
    <groups>
    </groups>
    <test started-at="2025-05-16T06:37:19 IST" name="WebTest" finished-at="2025-05-16T06:37:21 IST" duration-ms="2355">
      <class name="stepDefinitions.WebTest">
        <test-method signature="driverSetup()[pri:0, instance:stepDefinitions.WebTest@52bf72b5]" started-at="2025-05-16T06:37:19 IST" name="driverSetup" finished-at="2025-05-16T06:37:21 IST" duration-ms="2184" status="PASS">
          <reporter-output>
          </reporter-output>
        </test-method> <!-- driverSetup -->
        <test-method signature="verifyPageTitle()[pri:0, instance:stepDefinitions.WebTest@52bf72b5]" started-at="2025-05-16T06:37:21 IST" name="verifyPageTitle" finished-at="2025-05-16T06:37:21 IST" duration-ms="146" status="PASS">
          <reporter-output>
          </reporter-output>
        </test-method> <!-- verifyPageTitle -->
      </class> <!-- stepDefinitions.WebTest -->
    </test> <!-- WebTest -->
    <test started-at="2025-05-16T06:37:21 IST" name="ApiTest" finished-at="2025-05-16T06:37:21 IST" duration-ms="1">
    </test> <!-- ApiTest -->
  </suite> <!-- Suite -->
</testng-results>
